Jul-14 10:08:32.265 [main] DEBUG nextflow.cli.Launcher - $> nextflow run nf_pipe_pt1.nf
Jul-14 10:08:38.450 [main] INFO  nextflow.cli.CmdRun - N E X T F L O W  ~  version 21.04.1
Jul-14 10:08:39.292 [main] INFO  nextflow.cli.CmdRun - Launching `nf_pipe_pt1.nf` [sleepy_jones] - revision: addcd47be2
Jul-14 10:08:39.346 [main] DEBUG nextflow.plugin.PluginsFacade - Setting up plugin manager > mode=prod; plugins-dir=/home/driuser/.nextflow/plugins
Jul-14 10:08:39.347 [main] DEBUG nextflow.plugin.PluginsFacade - Plugins default=[]
Jul-14 10:08:39.349 [main] DEBUG nextflow.plugin.PluginsFacade - Plugins local root: .nextflow/plr/empty
Jul-14 10:08:39.733 [main] INFO  org.pf4j.DefaultPluginStatusProvider - Enabled plugins: []
Jul-14 10:08:39.734 [main] INFO  org.pf4j.DefaultPluginStatusProvider - Disabled plugins: []
Jul-14 10:08:39.736 [main] INFO  org.pf4j.DefaultPluginManager - PF4J version 3.4.1 in 'deployment' mode
Jul-14 10:08:40.652 [main] INFO  org.pf4j.AbstractPluginManager - No plugins
Jul-14 10:08:40.697 [main] DEBUG nextflow.Session - Session uuid: f892dbf0-36c0-468d-8de0-aae695dda7eb
Jul-14 10:08:40.697 [main] DEBUG nextflow.Session - Run name: sleepy_jones
Jul-14 10:08:40.698 [main] DEBUG nextflow.Session - Executor pool size: 256
Jul-14 10:08:40.735 [main] DEBUG nextflow.cli.CmdRun - 
  Version: 21.04.1 build 5556
  Created: 14-05-2021 15:20 UTC (16:20 BST)
  System: Linux 5.4.0-74-generic
  Runtime: Groovy 3.0.7 on OpenJDK 64-Bit Server VM 11.0.9.1-internal+0-adhoc..src
  Encoding: UTF-8 (UTF-8)
  Process: 171770@drihpc1 [128.40.163.130]
  CPUs: 256 - Mem: 1007.5 GB (64.5 GB) - Swap: 8 GB (7.9 GB)
Jul-14 10:08:44.837 [main] DEBUG nextflow.Session - Work-dir: /media/data/Jon/nextflow_pd/work [nfs]
Jul-14 10:08:44.838 [main] DEBUG nextflow.Session - Script base path does not exist or is not a directory: /media/data/Jon/nextflow_pd/bin
Jul-14 10:08:44.848 [main] DEBUG nextflow.executor.ExecutorFactory - Extension executors providers=[]
Jul-14 10:08:44.859 [main] DEBUG nextflow.Session - Observer factory: DefaultObserverFactory
Jul-14 10:08:52.004 [main] DEBUG nextflow.Session - Session start invoked
Jul-14 10:08:52.936 [main] DEBUG nextflow.script.ScriptRunner - > Launching execution
Jul-14 10:08:53.582 [main] DEBUG nextflow.Session - Workflow process names [dsl2]: STAR_merge, STAR_genome_gen, STAR_1, fastqc, genome_download, get_packages, STAR_pass1_post_genome_gen, STAR_pass2, multiqc, fastp
Jul-14 10:08:53.619 [main] DEBUG nextflow.executor.ExecutorFactory - << taskConfig executor: null
Jul-14 10:08:53.620 [main] DEBUG nextflow.executor.ExecutorFactory - >> processorType: 'local'
Jul-14 10:08:53.623 [main] DEBUG nextflow.executor.Executor - [warm up] executor > local
Jul-14 10:08:53.628 [main] DEBUG n.processor.LocalPollingMonitor - Creating local task monitor for executor 'local' > cpus=256; memory=1007.5 GB; capacity=256; pollInterval=100ms; dumpInterval=5m
Jul-14 10:08:54.286 [main] DEBUG nextflow.executor.ExecutorFactory - << taskConfig executor: null
Jul-14 10:08:54.287 [main] DEBUG nextflow.executor.ExecutorFactory - >> processorType: 'local'
Jul-14 10:08:54.409 [main] DEBUG nextflow.executor.ExecutorFactory - << taskConfig executor: null
Jul-14 10:08:54.410 [main] DEBUG nextflow.executor.ExecutorFactory - >> processorType: 'local'
Jul-14 10:08:54.588 [main] DEBUG nextflow.executor.ExecutorFactory - << taskConfig executor: null
Jul-14 10:08:54.588 [main] DEBUG nextflow.executor.ExecutorFactory - >> processorType: 'local'
Jul-14 10:08:54.685 [main] DEBUG nextflow.executor.ExecutorFactory - << taskConfig executor: null
Jul-14 10:08:54.685 [main] DEBUG nextflow.executor.ExecutorFactory - >> processorType: 'local'
Jul-14 10:08:54.936 [main] DEBUG nextflow.executor.ExecutorFactory - << taskConfig executor: null
Jul-14 10:08:54.936 [main] DEBUG nextflow.executor.ExecutorFactory - >> processorType: 'local'
Jul-14 10:08:55.021 [main] DEBUG nextflow.executor.ExecutorFactory - << taskConfig executor: null
Jul-14 10:08:55.021 [main] DEBUG nextflow.executor.ExecutorFactory - >> processorType: 'local'
Jul-14 10:08:55.030 [main] DEBUG nextflow.executor.ExecutorFactory - << taskConfig executor: null
Jul-14 10:08:55.030 [main] DEBUG nextflow.executor.ExecutorFactory - >> processorType: 'local'
Jul-14 10:08:55.036 [main] DEBUG nextflow.executor.ExecutorFactory - << taskConfig executor: null
Jul-14 10:08:55.036 [main] DEBUG nextflow.executor.ExecutorFactory - >> processorType: 'local'
Jul-14 10:08:55.039 [main] DEBUG nextflow.Session - Ignite dataflow network (10)
Jul-14 10:08:55.039 [main] DEBUG nextflow.processor.TaskProcessor - Starting process > get_packages
Jul-14 10:08:55.047 [PathVisitor-1] DEBUG nextflow.file.PathVisitor - files for syntax: glob; folder: /media/data/Jon/nextflow_pd/../Regina_file_deposit/; pattern: *R{1,3}*.fastq.gz; options: [:]
Jul-14 10:08:55.048 [main] DEBUG nextflow.processor.TaskProcessor - Starting process > fastp
Jul-14 10:08:55.049 [main] DEBUG nextflow.processor.TaskProcessor - Starting process > fastqc
Jul-14 10:08:55.050 [main] DEBUG nextflow.processor.TaskProcessor - Starting process > multiqc
Jul-14 10:08:55.051 [main] DEBUG nextflow.processor.TaskProcessor - Starting process > genome_download
Jul-14 10:08:55.052 [main] DEBUG nextflow.processor.TaskProcessor - Starting process > STAR_genome_gen
Jul-14 10:08:55.054 [main] DEBUG nextflow.processor.TaskProcessor - Starting process > STAR_pass1_post_genome_gen
Jul-14 10:08:55.054 [main] DEBUG nextflow.processor.TaskProcessor - Starting process > STAR_merge
Jul-14 10:08:55.055 [main] DEBUG nextflow.processor.TaskProcessor - Starting process > STAR_pass2
Jul-14 10:08:55.058 [main] DEBUG nextflow.script.ScriptRunner - > Await termination 
Jul-14 10:08:55.058 [main] DEBUG nextflow.Session - Session await
Jul-14 10:08:57.294 [Task submitter] DEBUG nextflow.executor.LocalTaskHandler - Launch cmd line: /bin/bash -ue .command.run
Jul-14 10:08:57.299 [Task submitter] INFO  nextflow.Session - [4c/ff834f] Submitted process > genome_download
Jul-14 10:08:58.441 [Task submitter] DEBUG nextflow.executor.LocalTaskHandler - Launch cmd line: /bin/bash -ue .command.run
Jul-14 10:08:58.441 [Task submitter] INFO  nextflow.Session - [16/41c328] Submitted process > get_packages
Jul-14 10:08:59.181 [Task submitter] DEBUG nextflow.executor.LocalTaskHandler - Launch cmd line: /bin/bash -ue .command.run
Jul-14 10:08:59.181 [Task submitter] INFO  nextflow.Session - [d1/07ef93] Submitted process > fastp (4)
Jul-14 10:09:00.639 [Task submitter] DEBUG nextflow.executor.LocalTaskHandler - Launch cmd line: /bin/bash -ue .command.run
Jul-14 10:09:00.643 [Task submitter] INFO  nextflow.Session - [0b/3f7759] Submitted process > fastp (5)
Jul-14 10:09:00.930 [SIGINT handler] DEBUG nextflow.Session - Session aborted -- Cause: SIGINT
Jul-14 10:09:01.013 [SIGINT handler] DEBUG nextflow.Session - The following nodes are still active:
[process] fastqc
  status=ACTIVE
  port 0: (queue) OPEN  ; channel: -
  port 1: (cntrl) -     ; channel: $

[process] multiqc
  status=ACTIVE
  port 0: (value) OPEN  ; channel: htmls
  port 1: (queue) OPEN  ; channel: files
  port 2: (cntrl) -     ; channel: $

[process] STAR_genome_gen
  status=ACTIVE
  port 0: (value) OPEN  ; channel: fasta
  port 1: (value) OPEN  ; channel: gtf
  port 2: (cntrl) -     ; channel: $

[process] STAR_pass1_post_genome_gen
  status=ACTIVE
  port 0: (queue) OPEN  ; channel: -
  port 1: (value) OPEN  ; channel: genome_dir
  port 2: (cntrl) -     ; channel: $

[process] STAR_merge
  status=ACTIVE
  port 0: (queue) OPEN  ; channel: sj_loc
  port 1: (value) OPEN  ; channel: sj_tabs
  port 2: (cntrl) -     ; channel: $

[process] STAR_pass2
  status=ACTIVE
  port 0: (queue) OPEN  ; channel: -
  port 1: (queue) OPEN  ; channel: merged_tab
  port 2: (cntrl) -     ; channel: $

Jul-14 10:09:01.015 [main] DEBUG nextflow.Session - Session await > all process finished
Jul-14 10:09:01.017 [main] DEBUG nextflow.Session - Session await > all barriers passed
Jul-14 10:09:01.023 [main] WARN  n.processor.TaskPollingMonitor - Killing pending tasks (4)
Jul-14 10:09:01.113 [main] DEBUG nextflow.trace.WorkflowStatsObserver - Workflow completed > WorkflowStats[succeededCount=0; failedCount=0; ignoredCount=0; cachedCount=0; pendingCount=7; submittedCount=1; runningCount=-1; retriesCount=0; abortedCount=4; succeedDuration=0ms; failedDuration=0ms; cachedDuration=0ms;loadCpus=-1; loadMemory=0; peakRunning=3; peakCpus=3; peakMemory=0; ]
Jul-14 10:09:01.304 [SIGINT handler] INFO  nextflow.Session - Adieu
Jul-14 10:09:01.694 [SIGINT handler] INFO  nextflow.Session - Adieu
Jul-14 10:09:01.718 [SIGINT handler] INFO  nextflow.Session - Adieu
Jul-14 10:09:01.739 [Task submitter] DEBUG nextflow.executor.LocalTaskHandler - Launch cmd line: /bin/bash -ue .command.run
